<?xml version="1.0" encoding="UTF-8"?>
<!-- Generated by org.testng.reporters.JUnitXMLReporter -->
<testsuite hostname="04927A-ASANGWAN" failures="2" tests="6" name="Test" time="35.206" errors="0" timestamp="9 Jul 2018 07:05:08 GMT">
  <testcase classname="adConsent.RegressionTests.UtilsTool" name="getCredentials" time="9.884"/>
  <testcase classname="adConsent.RegressionTests.PortalHomePageTests" name="launchPortal" time="8.267"/>
  <testcase classname="adConsent.RegressionTests.PortalSignInPageTests" name="gameSelectTest" time="0.622"/>
  <testcase classname="adConsent.RegressionTests.PortalSignInPageTests" name="portalSingInTest" time="0.331"/>
  <testcase classname="adConsent.RegressionTests.PortalUserHomePageTests" name="navigateToFAQPageTest" time="1.728">
    <failure type="org.openqa.selenium.JavascriptException" message="Error: Unable to find owning document
Build info: version: &amp;apos;3.12.0&amp;apos;, revision: &amp;apos;7c6e0b3&amp;apos;, time: &amp;apos;2018-05-08T14:04:26.12Z&amp;apos;
System info: host: &amp;apos;04927A-ASANGWAN&amp;apos;, ip: &amp;apos;fe80:0:0:0:810:c2e:8b96:c1c1%en0&amp;apos;, os.name: &amp;apos;Mac OS X&amp;apos;, os.arch: &amp;apos;x86_64&amp;apos;, os.version: &amp;apos;10.12.6&amp;apos;, java.version: &amp;apos;10.0.1&amp;apos;
Driver info: org.openqa.selenium.firefox.FirefoxDriver
Capabilities {acceptInsecureCerts: true, browserName: firefox, browserVersion: 60.0.2, javascriptEnabled: true, moz:accessibilityChecks: false, moz:headless: false, moz:processID: 89480, moz:profile: /var/folders/6p/htgzqlwn2sx..., moz:useNonSpecCompliantPointerOrigin: false, moz:webdriverClick: true, pageLoadStrategy: normal, platform: MAC, platformName: MAC, platformVersion: 16.7.0, rotatable: false, timeouts: {implicit: 0, pageLoad: 300000, script: 30000}}
Session ID: fbd8fc1a-2c40-e540-b16c-f53070ad962f">
      <![CDATA[org.openqa.selenium.JavascriptException: Error: Unable to find owning document
Build info: version: '3.12.0', revision: '7c6e0b3', time: '2018-05-08T14:04:26.12Z'
System info: host: '04927A-ASANGWAN', ip: 'fe80:0:0:0:810:c2e:8b96:c1c1%en0', os.name: 'Mac OS X', os.arch: 'x86_64', os.version: '10.12.6', java.version: '10.0.1'
Driver info: org.openqa.selenium.firefox.FirefoxDriver
Capabilities {acceptInsecureCerts: true, browserName: firefox, browserVersion: 60.0.2, javascriptEnabled: true, moz:accessibilityChecks: false, moz:headless: false, moz:processID: 89480, moz:profile: /var/folders/6p/htgzqlwn2sx..., moz:useNonSpecCompliantPointerOrigin: false, moz:webdriverClick: true, pageLoadStrategy: normal, platform: MAC, platformName: MAC, platformVersion: 16.7.0, rotatable: false, timeouts: {implicit: 0, pageLoad: 300000, script: 30000}}
Session ID: fbd8fc1a-2c40-e540-b16c-f53070ad962f
	at org.openqa.selenium.remote.http.W3CHttpResponseCodec.createException(W3CHttpResponseCodec.java:187)
	at org.openqa.selenium.remote.http.W3CHttpResponseCodec.decode(W3CHttpResponseCodec.java:122)
	at org.openqa.selenium.remote.http.W3CHttpResponseCodec.decode(W3CHttpResponseCodec.java:49)
	at org.openqa.selenium.remote.HttpCommandExecutor.execute(HttpCommandExecutor.java:158)
	at org.openqa.selenium.remote.service.DriverCommandExecutor.execute(DriverCommandExecutor.java:83)
	at org.openqa.selenium.remote.RemoteWebDriver.execute(RemoteWebDriver.java:543)
	at org.openqa.selenium.remote.RemoteWebElement.execute(RemoteWebElement.java:276)
	at org.openqa.selenium.remote.RemoteWebElement.submit(RemoteWebElement.java:87)
	at org.openqa.selenium.support.pagefactory.internal.LocatingElementHandler.invoke(LocatingElementHandler.java:51)
	at com.sun.proxy.$Proxy12.submit(Unknown Source)
	at pageObjectLib.PortalUserHomePage.navigateToFAQ(PortalUserHomePage.java:23)
	at adConsent.RegressionTests.PortalUserHomePageTests.navigateToFAQPageTest(PortalUserHomePageTests.java:16)
... Removed 32 stack frames]]>
    </failure>
  </testcase> <!-- navigateToFAQPageTest -->
  <testcase classname="adConsent.RegressionTests.FaqPageTests" name="verifyFaqPageTitle" time="14.357">
    <failure type="org.openqa.selenium.WebDriverException" message="Failed to find value field
Build info: version: &amp;apos;3.12.0&amp;apos;, revision: &amp;apos;7c6e0b3&amp;apos;, time: &amp;apos;2018-05-08T14:04:26.12Z&amp;apos;
System info: host: &amp;apos;04927A-ASANGWAN&amp;apos;, ip: &amp;apos;fe80:0:0:0:810:c2e:8b96:c1c1%en0&amp;apos;, os.name: &amp;apos;Mac OS X&amp;apos;, os.arch: &amp;apos;x86_64&amp;apos;, os.version: &amp;apos;10.12.6&amp;apos;, java.version: &amp;apos;10.0.1&amp;apos;
Driver info: org.openqa.selenium.firefox.FirefoxDriver
Capabilities {acceptInsecureCerts: true, browserName: firefox, browserVersion: 60.0.2, javascriptEnabled: true, moz:accessibilityChecks: false, moz:headless: false, moz:processID: 89480, moz:profile: /var/folders/6p/htgzqlwn2sx..., moz:useNonSpecCompliantPointerOrigin: false, moz:webdriverClick: true, pageLoadStrategy: normal, platform: MAC, platformName: MAC, platformVersion: 16.7.0, rotatable: false, timeouts: {implicit: 0, pageLoad: 300000, script: 30000}}
Session ID: fbd8fc1a-2c40-e540-b16c-f53070ad962f
*** Element info: {Using=xpath, value=.//h3[text()=&amp;apos;FAQ&amp;apos;]}">
      <![CDATA[org.openqa.selenium.WebDriverException: Failed to find value field
Build info: version: '3.12.0', revision: '7c6e0b3', time: '2018-05-08T14:04:26.12Z'
System info: host: '04927A-ASANGWAN', ip: 'fe80:0:0:0:810:c2e:8b96:c1c1%en0', os.name: 'Mac OS X', os.arch: 'x86_64', os.version: '10.12.6', java.version: '10.0.1'
Driver info: org.openqa.selenium.firefox.FirefoxDriver
Capabilities {acceptInsecureCerts: true, browserName: firefox, browserVersion: 60.0.2, javascriptEnabled: true, moz:accessibilityChecks: false, moz:headless: false, moz:processID: 89480, moz:profile: /var/folders/6p/htgzqlwn2sx..., moz:useNonSpecCompliantPointerOrigin: false, moz:webdriverClick: true, pageLoadStrategy: normal, platform: MAC, platformName: MAC, platformVersion: 16.7.0, rotatable: false, timeouts: {implicit: 0, pageLoad: 300000, script: 30000}}
Session ID: fbd8fc1a-2c40-e540-b16c-f53070ad962f
*** Element info: {Using=xpath, value=.//h3[text()='FAQ']}
	at org.openqa.selenium.remote.http.W3CHttpResponseCodec.createException(W3CHttpResponseCodec.java:187)
	at org.openqa.selenium.remote.http.W3CHttpResponseCodec.decode(W3CHttpResponseCodec.java:122)
	at org.openqa.selenium.remote.http.W3CHttpResponseCodec.decode(W3CHttpResponseCodec.java:49)
	at org.openqa.selenium.remote.HttpCommandExecutor.execute(HttpCommandExecutor.java:158)
	at org.openqa.selenium.remote.service.DriverCommandExecutor.execute(DriverCommandExecutor.java:83)
	at org.openqa.selenium.remote.RemoteWebDriver.execute(RemoteWebDriver.java:543)
	at org.openqa.selenium.remote.RemoteWebDriver.findElement(RemoteWebDriver.java:317)
	at org.openqa.selenium.remote.RemoteWebDriver.findElementByXPath(RemoteWebDriver.java:419)
	at org.openqa.selenium.By$ByXPath.findElement(By.java:353)
	at org.openqa.selenium.remote.RemoteWebDriver.findElement(RemoteWebDriver.java:309)
	at org.openqa.selenium.support.pagefactory.DefaultElementLocator.findElement(DefaultElementLocator.java:69)
	at org.openqa.selenium.support.pagefactory.internal.LocatingElementHandler.invoke(LocatingElementHandler.java:38)
	at com.sun.proxy.$Proxy12.getText(Unknown Source)
	at pageObjectLib.FaqPage.PageTitle(FaqPage.java:12)
	at adConsent.RegressionTests.FaqPageTests.verifyFaqPageTitle(FaqPageTests.java:17)
... Removed 28 stack frames]]>
    </failure>
  </testcase> <!-- verifyFaqPageTitle -->
</testsuite> <!-- Test -->
