<?xml version="1.0" encoding="UTF-8"?>
<testng-results total="2" passed="2" failed="0" skipped="0">
  <reporter-output>
  </reporter-output>
  <suite started-at="2018-07-06T04:48:26Z" name="Suite" finished-at="2018-07-06T04:48:43Z" duration-ms="16732">
    <groups>
    </groups>
    <test started-at="2018-07-06T04:48:26Z" name="Test" finished-at="2018-07-06T04:48:43Z" duration-ms="16732">
      <class name="adConsent.RegressionTests.TootTest">
        <test-method is-config="true" signature="setUp()[pri:0, instance:adConsent.RegressionTests.TootTest@45c7e403]" started-at="2018-07-06T10:18:26Z" name="setUp" finished-at="2018-07-06T10:18:29Z" duration-ms="2312" status="PASS">
          <reporter-output>
          </reporter-output>
        </test-method> <!-- setUp -->
        <test-method signature="getCredentials()[pri:0, instance:adConsent.RegressionTests.TootTest@45c7e403]" started-at="2018-07-06T10:18:29Z" name="getCredentials" finished-at="2018-07-06T10:18:34Z" duration-ms="5475" status="PASS">
          <reporter-output>
          </reporter-output>
        </test-method> <!-- getCredentials -->
        <test-method signature="launchPortal()[pri:0, instance:adConsent.RegressionTests.TootTest@45c7e403]" started-at="2018-07-06T10:18:34Z" name="launchPortal" finished-at="2018-07-06T10:18:42Z" duration-ms="8437" status="PASS">
          <reporter-output>
          </reporter-output>
        </test-method> <!-- launchPortal -->
        <test-method is-config="true" signature="exit()[pri:0, instance:adConsent.RegressionTests.TootTest@45c7e403]" started-at="2018-07-06T10:18:42Z" name="exit" finished-at="2018-07-06T10:18:43Z" duration-ms="497" status="PASS">
          <reporter-output>
          </reporter-output>
        </test-method> <!-- exit -->
      </class> <!-- adConsent.RegressionTests.TootTest -->
    </test> <!-- Test -->
  </suite> <!-- Suite -->
</testng-results>
